# JRE version: Java(TM) SE Runtime Environment (8.0_171-b11) (build 1.8.0_171-b11)
# Java VM: Java HotSpot(TM) 64-Bit Server VM (25.171-b11 mixed mode windows-amd64 compressed oops)
Heap:
 PSYoungGen      total 33280K, used 3148K [0x00000000eb300000, 0x00000000ed680000, 0x0000000100000000)
  eden space 30720K, 10% used [0x00000000eb300000,0x00000000eb613220,0x00000000ed100000)
  from space 2560K, 0% used [0x00000000ed100000,0x00000000ed100000,0x00000000ed380000)
  to   space 2560K, 0% used [0x00000000ed380000,0x00000000ed380000,0x00000000ed600000)
 ParOldGen       total 22528K, used 4089K [0x00000000c1800000, 0x00000000c2e00000, 0x00000000eb300000)
  object space 22528K, 18% used [0x00000000c1800000,0x00000000c1bfe638,0x00000000c2e00000)
 Metaspace       used 14298K, capacity 14864K, committed 14976K, reserved 1064960K
  class space    used 1973K, capacity 2136K, committed 2176K, reserved 1048576K
GC Heap History (10 events):
Event: 232.730 GC heap before
{Heap before GC invocations=3 (full 1):
 PSYoungGen      total 18944K, used 16384K [0x00000000eb300000, 0x00000000ec800000, 0x0000000100000000)
  eden space 16384K, 100% used [0x00000000eb300000,0x00000000ec300000,0x00000000ec300000)
  from space 2560K, 0% used [0x00000000ec300000,0x00000000ec300000,0x00000000ec580000)
  to   space 2560K, 0% used [0x00000000ec580000,0x00000000ec580000,0x00000000ec800000)
 ParOldGen       total 22528K, used 2061K [0x00000000c1800000, 0x00000000c2e00000, 0x00000000eb300000)
  object space 22528K, 9% used [0x00000000c1800000,0x00000000c1a035a8,0x00000000c2e00000)
 Metaspace       used 10191K, capacity 10440K, committed 10624K, reserved 1058816K
  class space    used 1285K, capacity 1350K, committed 1408K, reserved 1048576K
Event: 234.403 GC heap after
Heap after GC invocations=3 (full 1):
 PSYoungGen      total 18944K, used 2146K [0x00000000eb300000, 0x00000000ed680000, 0x0000000100000000)
  eden space 16384K, 0% used [0x00000000eb300000,0x00000000eb300000,0x00000000ec300000)
  from space 2560K, 83% used [0x00000000ec580000,0x00000000ec7989f0,0x00000000ec800000)
  to   space 2560K, 0% used [0x00000000ec300000,0x00000000ec300000,0x00000000ec580000)
 ParOldGen       total 22528K, used 2069K [0x00000000c1800000, 0x00000000c2e00000, 0x00000000eb300000)
  object space 22528K, 9% used [0x00000000c1800000,0x00000000c1a055a8,0x00000000c2e00000)
 Metaspace       used 10191K, capacity 10440K, committed 10624K, reserved 1058816K
  class space    used 1285K, capacity 1350K, committed 1408K, reserved 1048576K
}
Event: 317.592 GC heap before
{Heap before GC invocations=4 (full 1):
 PSYoungGen      total 18944K, used 18530K [0x00000000eb300000, 0x00000000ed680000, 0x0000000100000000)
  eden space 16384K, 100% used [0x00000000eb300000,0x00000000ec300000,0x00000000ec300000)
  from space 2560K, 83% used [0x00000000ec580000,0x00000000ec7989f0,0x00000000ec800000)
  to   space 2560K, 0% used [0x00000000ec300000,0x00000000ec300000,0x00000000ec580000)
 ParOldGen       total 22528K, used 2069K [0x00000000c1800000, 0x00000000c2e00000, 0x00000000eb300000)
  object space 22528K, 9% used [0x00000000c1800000,0x00000000c1a055a8,0x00000000c2e00000)
 Metaspace       used 12678K, capacity 13100K, committed 13312K, reserved 1062912K
  class space    used 1616K, capacity 1712K, committed 1792K, reserved 1048576K
Event: 317.959 GC heap after
Heap after GC invocations=4 (full 1):
 PSYoungGen      total 18944K, used 2554K [0x00000000eb300000, 0x00000000ed600000, 0x0000000100000000)
  eden space 16384K, 0% used [0x00000000eb300000,0x00000000eb300000,0x00000000ec300000)
  from space 2560K, 99% used [0x00000000ec300000,0x00000000ec57e9f8,0x00000000ec580000)
  to   space 2560K, 0% used [0x00000000ed380000,0x00000000ed380000,0x00000000ed600000)
 ParOldGen       total 22528K, used 2320K [0x00000000c1800000, 0x00000000c2e00000, 0x00000000eb300000)
  object space 22528K, 10% used [0x00000000c1800000,0x00000000c1a44048,0x00000000c2e00000)
 Metaspace       used 12678K, capacity 13100K, committed 13312K, reserved 1062912K
  class space    used 1616K, capacity 1712K, committed 1792K, reserved 1048576K
}
Event: 320.731 GC heap before
{Heap before GC invocations=5 (full 1):
 PSYoungGen      total 18944K, used 18938K [0x00000000eb300000, 0x00000000ed600000, 0x0000000100000000)
  eden space 16384K, 100% used [0x00000000eb300000,0x00000000ec300000,0x00000000ec300000)
  from space 2560K, 99% used [0x00000000ec300000,0x00000000ec57e9f8,0x00000000ec580000)
  to   space 2560K, 0% used [0x00000000ed380000,0x00000000ed380000,0x00000000ed600000)
 ParOldGen       total 22528K, used 2320K [0x00000000c1800000, 0x00000000c2e00000, 0x00000000eb300000)
  object space 22528K, 10% used [0x00000000c1800000,0x00000000c1a44048,0x00000000c2e00000)
 Metaspace       used 13755K, capacity 14196K, committed 14336K, reserved 1062912K
  class space    used 1834K, capacity 1962K, committed 2048K, reserved 1048576K
Event: 320.837 GC heap after
Heap after GC invocations=5 (full 1):
 PSYoungGen      total 33280K, used 2555K [0x00000000eb300000, 0x00000000ed680000, 0x0000000100000000)
  eden space 30720K, 0% used [0x00000000eb300000,0x00000000eb300000,0x00000000ed100000)
  from space 2560K, 99% used [0x00000000ed380000,0x00000000ed5fed00,0x00000000ed600000)
  to   space 2560K, 0% used [0x00000000ed100000,0x00000000ed100000,0x00000000ed380000)
 ParOldGen       total 22528K, used 2536K [0x00000000c1800000, 0x00000000c2e00000, 0x00000000eb300000)
  object space 22528K, 11% used [0x00000000c1800000,0x00000000c1a7a148,0x00000000c2e00000)
 Metaspace       used 13755K, capacity 14196K, committed 14336K, reserved 1062912K
  class space    used 1834K, capacity 1962K, committed 2048K, reserved 1048576K
}
Event: 334.846 GC heap before
{Heap before GC invocations=6 (full 1):
 PSYoungGen      total 33280K, used 9613K [0x00000000eb300000, 0x00000000ed680000, 0x0000000100000000)
  eden space 30720K, 22% used [0x00000000eb300000,0x00000000eb9e4948,0x00000000ed100000)
  from space 2560K, 99% used [0x00000000ed380000,0x00000000ed5fed00,0x00000000ed600000)
  to   space 2560K, 0% used [0x00000000ed100000,0x00000000ed100000,0x00000000ed380000)
 ParOldGen       total 22528K, used 2536K [0x00000000c1800000, 0x00000000c2e00000, 0x00000000eb300000)
  object space 22528K, 11% used [0x00000000c1800000,0x00000000c1a7a148,0x00000000c2e00000)
 Metaspace       used 14137K, capacity 14588K, committed 14720K, reserved 1069056K
  class space    used 1937K, capacity 2066K, committed 2176K, reserved 1048576K
Event: 338.145 GC heap after
Heap after GC invocations=6 (full 1):
 PSYoungGen      total 33280K, used 2546K [0x00000000eb300000, 0x00000000ed680000, 0x0000000100000000)
  eden space 30720K, 0% used [0x00000000eb300000,0x00000000eb300000,0x00000000ed100000)
  from space 2560K, 99% used [0x00000000ed100000,0x00000000ed37ca88,0x00000000ed380000)
  to   space 2560K, 0% used [0x00000000ed380000,0x00000000ed380000,0x00000000ed600000)
 ParOldGen       total 22528K, used 2569K [0x00000000c1800000, 0x00000000c2e00000, 0x00000000eb300000)
  object space 22528K, 11% used [0x00000000c1800000,0x00000000c1a82670,0x00000000c2e00000)
 Metaspace       used 14137K, capacity 14588K, committed 14720K, reserved 1069056K
  class space    used 1937K, capacity 2066K, committed 2176K, reserved 1048576K
}
Event: 338.145 GC heap before
{Heap before GC invocations=7 (full 2):
 PSYoungGen      total 33280K, used 2546K [0x00000000eb300000, 0x00000000ed680000, 0x0000000100000000)
  eden space 30720K, 0% used [0x00000000eb300000,0x00000000eb300000,0x00000000ed100000)
  from space 2560K, 99% used [0x00000000ed100000,0x00000000ed37ca88,0x00000000ed380000)
  to   space 2560K, 0% used [0x00000000ed380000,0x00000000ed380000,0x00000000ed600000)
 ParOldGen       total 22528K, used 2569K [0x00000000c1800000, 0x00000000c2e00000, 0x00000000eb300000)
  object space 22528K, 11% used [0x00000000c1800000,0x00000000c1a82670,0x00000000c2e00000)
 Metaspace       used 14137K, capacity 14588K, committed 14720K, reserved 1069056K
  class space    used 1937K, capacity 2066K, committed 2176K, reserved 1048576K
Event: 351.603 GC heap after
Heap after GC invocations=7 (full 2):
 PSYoungGen      total 33280K, used 0K [0x00000000eb300000, 0x00000000ed680000, 0x0000000100000000)
  eden space 30720K, 0% used [0x00000000eb300000,0x00000000eb300000,0x00000000ed100000)
  from space 2560K, 0% used [0x00000000ed100000,0x00000000ed100000,0x00000000ed380000)
  to   space 2560K, 0% used [0x00000000ed380000,0x00000000ed380000,0x00000000ed600000)
 ParOldGen       total 22528K, used 4089K [0x00000000c1800000, 0x00000000c2e00000, 0x00000000eb300000)
  object space 22528K, 18% used [0x00000000c1800000,0x00000000c1bfe638,0x00000000c2e00000)
 Metaspace       used 14137K, capacity 14588K, committed 14720K, reserved 1064960K
  class space    used 1937K, capacity 2066K, committed 2176K, reserved 1048576K
}

