# JRE version: Java(TM) SE Runtime Environment (8.0_171-b11) (build 1.8.0_171-b11)
# Java VM: Java HotSpot(TM) 64-Bit Server VM (25.171-b11 mixed mode windows-amd64 compressed oops)
Heap:
 PSYoungGen      total 18432K, used 14717K [0x00000000eb300000, 0x00000000ed580000, 0x0000000100000000)
  eden space 16384K, 80% used [0x00000000eb300000,0x00000000ebfce7d0,0x00000000ec300000)
  from space 2048K, 78% used [0x00000000ed380000,0x00000000ed510d38,0x00000000ed580000)
  to   space 2560K, 0% used [0x00000000ed080000,0x00000000ed080000,0x00000000ed300000)
 ParOldGen       total 30720K, used 3698K [0x00000000c1800000, 0x00000000c3600000, 0x00000000eb300000)
  object space 30720K, 12% used [0x00000000c1800000,0x00000000c1b9ca38,0x00000000c3600000)
 Metaspace       used 15124K, capacity 15650K, committed 15872K, reserved 1064960K
  class space    used 2038K, capacity 2179K, committed 2304K, reserved 1048576K
GC Heap History (10 events):
Event: 91.774 GC heap before
{Heap before GC invocations=1 (full 0):
 PSYoungGen      total 18944K, used 16384K [0x00000000eb300000, 0x00000000ec800000, 0x0000000100000000)
  eden space 16384K, 100% used [0x00000000eb300000,0x00000000ec300000,0x00000000ec300000)
  from space 2560K, 0% used [0x00000000ec580000,0x00000000ec580000,0x00000000ec800000)
  to   space 2560K, 0% used [0x00000000ec300000,0x00000000ec300000,0x00000000ec580000)
 ParOldGen       total 44032K, used 0K [0x00000000c1800000, 0x00000000c4300000, 0x00000000eb300000)
  object space 44032K, 0% used [0x00000000c1800000,0x00000000c1800000,0x00000000c4300000)
 Metaspace       used 9217K, capacity 9420K, committed 9728K, reserved 1058816K
  class space    used 1143K, capacity 1202K, committed 1280K, reserved 1048576K
Event: 92.963 GC heap after
Heap after GC invocations=1 (full 0):
 PSYoungGen      total 18944K, used 2552K [0x00000000eb300000, 0x00000000ed800000, 0x0000000100000000)
  eden space 16384K, 0% used [0x00000000eb300000,0x00000000eb300000,0x00000000ec300000)
  from space 2560K, 99% used [0x00000000ec300000,0x00000000ec57e390,0x00000000ec580000)
  to   space 2560K, 0% used [0x00000000ed580000,0x00000000ed580000,0x00000000ed800000)
 ParOldGen       total 44032K, used 675K [0x00000000c1800000, 0x00000000c4300000, 0x00000000eb300000)
  object space 44032K, 1% used [0x00000000c1800000,0x00000000c18a8f28,0x00000000c4300000)
 Metaspace       used 9217K, capacity 9420K, committed 9728K, reserved 1058816K
  class space    used 1143K, capacity 1202K, committed 1280K, reserved 1048576K
}
Event: 149.820 GC heap before
{Heap before GC invocations=2 (full 0):
 PSYoungGen      total 18944K, used 18936K [0x00000000eb300000, 0x00000000ed800000, 0x0000000100000000)
  eden space 16384K, 100% used [0x00000000eb300000,0x00000000ec300000,0x00000000ec300000)
  from space 2560K, 99% used [0x00000000ec300000,0x00000000ec57e390,0x00000000ec580000)
  to   space 2560K, 0% used [0x00000000ed580000,0x00000000ed580000,0x00000000ed800000)
 ParOldGen       total 44032K, used 675K [0x00000000c1800000, 0x00000000c4300000, 0x00000000eb300000)
  object space 44032K, 1% used [0x00000000c1800000,0x00000000c18a8f28,0x00000000c4300000)
 Metaspace       used 11296K, capacity 11576K, committed 11776K, reserved 1058816K
  class space    used 1431K, capacity 1492K, committed 1536K, reserved 1048576K
Event: 149.845 GC heap after
Heap after GC invocations=2 (full 0):
 PSYoungGen      total 18944K, used 2530K [0x00000000eb300000, 0x00000000ed800000, 0x0000000100000000)
  eden space 16384K, 0% used [0x00000000eb300000,0x00000000eb300000,0x00000000ec300000)
  from space 2560K, 98% used [0x00000000ed580000,0x00000000ed7f8a98,0x00000000ed800000)
  to   space 2560K, 0% used [0x00000000ec300000,0x00000000ec300000,0x00000000ec580000)
 ParOldGen       total 44032K, used 2059K [0x00000000c1800000, 0x00000000c4300000, 0x00000000eb300000)
  object space 44032K, 4% used [0x00000000c1800000,0x00000000c1a02d58,0x00000000c4300000)
 Metaspace       used 11296K, capacity 11576K, committed 11776K, reserved 1058816K
  class space    used 1431K, capacity 1492K, committed 1536K, reserved 1048576K
}
Event: 213.240 GC heap before
{Heap before GC invocations=3 (full 0):
 PSYoungGen      total 18944K, used 10520K [0x00000000eb300000, 0x00000000ed800000, 0x0000000100000000)
  eden space 16384K, 48% used [0x00000000eb300000,0x00000000ebacd780,0x00000000ec300000)
  from space 2560K, 98% used [0x00000000ed580000,0x00000000ed7f8a98,0x00000000ed800000)
  to   space 2560K, 0% used [0x00000000ec300000,0x00000000ec300000,0x00000000ec580000)
 ParOldGen       total 44032K, used 2059K [0x00000000c1800000, 0x00000000c4300000, 0x00000000eb300000)
  object space 44032K, 4% used [0x00000000c1800000,0x00000000c1a02d58,0x00000000c4300000)
 Metaspace       used 12547K, capacity 12896K, committed 13056K, reserved 1064960K
  class space    used 1602K, capacity 1694K, committed 1792K, reserved 1048576K
Event: 213.256 GC heap after
Heap after GC invocations=3 (full 0):
 PSYoungGen      total 18944K, used 2530K [0x00000000eb300000, 0x00000000ed600000, 0x0000000100000000)
  eden space 16384K, 0% used [0x00000000eb300000,0x00000000eb300000,0x00000000ec300000)
  from space 2560K, 98% used [0x00000000ec300000,0x00000000ec578a98,0x00000000ec580000)
  to   space 2560K, 0% used [0x00000000ed380000,0x00000000ed380000,0x00000000ed600000)
 ParOldGen       total 44032K, used 3097K [0x00000000c1800000, 0x00000000c4300000, 0x00000000eb300000)
  object space 44032K, 7% used [0x00000000c1800000,0x00000000c1b06690,0x00000000c4300000)
 Metaspace       used 12547K, capacity 12896K, committed 13056K, reserved 1064960K
  class space    used 1602K, capacity 1694K, committed 1792K, reserved 1048576K
}
Event: 213.257 GC heap before
{Heap before GC invocations=4 (full 1):
 PSYoungGen      total 18944K, used 2530K [0x00000000eb300000, 0x00000000ed600000, 0x0000000100000000)
  eden space 16384K, 0% used [0x00000000eb300000,0x00000000eb300000,0x00000000ec300000)
  from space 2560K, 98% used [0x00000000ec300000,0x00000000ec578a98,0x00000000ec580000)
  to   space 2560K, 0% used [0x00000000ed380000,0x00000000ed380000,0x00000000ed600000)
 ParOldGen       total 44032K, used 3097K [0x00000000c1800000, 0x00000000c4300000, 0x00000000eb300000)
  object space 44032K, 7% used [0x00000000c1800000,0x00000000c1b06690,0x00000000c4300000)
 Metaspace       used 12547K, capacity 12896K, committed 13056K, reserved 1064960K
  class space    used 1602K, capacity 1694K, committed 1792K, reserved 1048576K
Event: 219.523 GC heap after
Heap after GC invocations=4 (full 1):
 PSYoungGen      total 18944K, used 0K [0x00000000eb300000, 0x00000000ed600000, 0x0000000100000000)
  eden space 16384K, 0% used [0x00000000eb300000,0x00000000eb300000,0x00000000ec300000)
  from space 2560K, 0% used [0x00000000ec300000,0x00000000ec300000,0x00000000ec580000)
  to   space 2560K, 0% used [0x00000000ed380000,0x00000000ed380000,0x00000000ed600000)
 ParOldGen       total 30720K, used 3690K [0x00000000c1800000, 0x00000000c3600000, 0x00000000eb300000)
  object space 30720K, 12% used [0x00000000c1800000,0x00000000c1b9aa38,0x00000000c3600000)
 Metaspace       used 12547K, capacity 12896K, committed 13056K, reserved 1062912K
  class space    used 1602K, capacity 1694K, committed 1792K, reserved 1048576K
}
Event: 231.005 GC heap before
{Heap before GC invocations=5 (full 1):
 PSYoungGen      total 18944K, used 16384K [0x00000000eb300000, 0x00000000ed600000, 0x0000000100000000)
  eden space 16384K, 100% used [0x00000000eb300000,0x00000000ec300000,0x00000000ec300000)
  from space 2560K, 0% used [0x00000000ec300000,0x00000000ec300000,0x00000000ec580000)
  to   space 2560K, 0% used [0x00000000ed380000,0x00000000ed380000,0x00000000ed600000)
 ParOldGen       total 30720K, used 3690K [0x00000000c1800000, 0x00000000c3600000, 0x00000000eb300000)
  object space 30720K, 12% used [0x00000000c1800000,0x00000000c1b9aa38,0x00000000c3600000)
 Metaspace       used 13867K, capacity 14356K, committed 14592K, reserved 1064960K
  class space    used 1855K, capacity 1994K, committed 2048K, reserved 1048576K
Event: 231.030 GC heap after
Heap after GC invocations=5 (full 1):
 PSYoungGen      total 18432K, used 1603K [0x00000000eb300000, 0x00000000ed580000, 0x0000000100000000)
  eden space 16384K, 0% used [0x00000000eb300000,0x00000000eb300000,0x00000000ec300000)
  from space 2048K, 78% used [0x00000000ed380000,0x00000000ed510d38,0x00000000ed580000)
  to   space 2560K, 0% used [0x00000000ed080000,0x00000000ed080000,0x00000000ed300000)
 ParOldGen       total 30720K, used 3698K [0x00000000c1800000, 0x00000000c3600000, 0x00000000eb300000)
  object space 30720K, 12% used [0x00000000c1800000,0x00000000c1b9ca38,0x00000000c3600000)
 Metaspace       used 13867K, capacity 14356K, committed 14592K, reserved 1064960K
  class space    used 1855K, capacity 1994K, committed 2048K, reserved 1048576K
}

