# JRE version: Java(TM) SE Runtime Environment (8.0_171-b11) (build 1.8.0_171-b11)
# Java VM: Java HotSpot(TM) 64-Bit Server VM (25.171-b11 mixed mode windows-amd64 compressed oops)
Heap:
 PSYoungGen      total 35328K, used 705K [0x00000000eb300000, 0x00000000ed800000, 0x0000000100000000)
  eden space 32768K, 2% used [0x00000000eb300000,0x00000000eb3b0600,0x00000000ed300000)
  from space 2560K, 0% used [0x00000000ed580000,0x00000000ed580000,0x00000000ed800000)
  to   space 2560K, 0% used [0x00000000ed300000,0x00000000ed300000,0x00000000ed580000)
 ParOldGen       total 19456K, used 3710K [0x00000000c1800000, 0x00000000c2b00000, 0x00000000eb300000)
  object space 19456K, 19% used [0x00000000c1800000,0x00000000c1b9fb58,0x00000000c2b00000)
 Metaspace       used 14175K, capacity 14762K, committed 14976K, reserved 1064960K
  class space    used 1906K, capacity 2077K, committed 2176K, reserved 1048576K
GC Heap History (8 events):
Event: 186.094 GC heap before
{Heap before GC invocations=1 (full 0):
 PSYoungGen      total 18944K, used 9098K [0x00000000eb300000, 0x00000000ec800000, 0x0000000100000000)
  eden space 16384K, 55% used [0x00000000eb300000,0x00000000ebbe2a50,0x00000000ec300000)
  from space 2560K, 0% used [0x00000000ec580000,0x00000000ec580000,0x00000000ec800000)
  to   space 2560K, 0% used [0x00000000ec300000,0x00000000ec300000,0x00000000ec580000)
 ParOldGen       total 44032K, used 0K [0x00000000c1800000, 0x00000000c4300000, 0x00000000eb300000)
  object space 44032K, 0% used [0x00000000c1800000,0x00000000c1800000,0x00000000c4300000)
 Metaspace       used 8013K, capacity 8180K, committed 8320K, reserved 1060864K
  class space    used 997K, capacity 1064K, committed 1152K, reserved 1048576K
Event: 188.233 GC heap after
Heap after GC invocations=1 (full 0):
 PSYoungGen      total 18944K, used 2137K [0x00000000eb300000, 0x00000000ed800000, 0x0000000100000000)
  eden space 16384K, 0% used [0x00000000eb300000,0x00000000eb300000,0x00000000ec300000)
  from space 2560K, 83% used [0x00000000ec300000,0x00000000ec5167d8,0x00000000ec580000)
  to   space 2560K, 0% used [0x00000000ed580000,0x00000000ed580000,0x00000000ed800000)
 ParOldGen       total 44032K, used 8K [0x00000000c1800000, 0x00000000c4300000, 0x00000000eb300000)
  object space 44032K, 0% used [0x00000000c1800000,0x00000000c1802000,0x00000000c4300000)
 Metaspace       used 8013K, capacity 8180K, committed 8320K, reserved 1060864K
  class space    used 997K, capacity 1064K, committed 1152K, reserved 1048576K
}
Event: 188.234 GC heap before
{Heap before GC invocations=2 (full 1):
 PSYoungGen      total 18944K, used 2137K [0x00000000eb300000, 0x00000000ed800000, 0x0000000100000000)
  eden space 16384K, 0% used [0x00000000eb300000,0x00000000eb300000,0x00000000ec300000)
  from space 2560K, 83% used [0x00000000ec300000,0x00000000ec5167d8,0x00000000ec580000)
  to   space 2560K, 0% used [0x00000000ed580000,0x00000000ed580000,0x00000000ed800000)
 ParOldGen       total 44032K, used 8K [0x00000000c1800000, 0x00000000c4300000, 0x00000000eb300000)
  object space 44032K, 0% used [0x00000000c1800000,0x00000000c1802000,0x00000000c4300000)
 Metaspace       used 8013K, capacity 8180K, committed 8320K, reserved 1060864K
  class space    used 997K, capacity 1064K, committed 1152K, reserved 1048576K
Event: 188.273 GC heap after
Heap after GC invocations=2 (full 1):
 PSYoungGen      total 18944K, used 0K [0x00000000eb300000, 0x00000000ed800000, 0x0000000100000000)
  eden space 16384K, 0% used [0x00000000eb300000,0x00000000eb300000,0x00000000ec300000)
  from space 2560K, 0% used [0x00000000ec300000,0x00000000ec300000,0x00000000ec580000)
  to   space 2560K, 0% used [0x00000000ed580000,0x00000000ed580000,0x00000000ed800000)
 ParOldGen       total 19456K, used 2062K [0x00000000c1800000, 0x00000000c2b00000, 0x00000000eb300000)
  object space 19456K, 10% used [0x00000000c1800000,0x00000000c1a03a18,0x00000000c2b00000)
 Metaspace       used 8013K, capacity 8180K, committed 8320K, reserved 1058816K
  class space    used 997K, capacity 1064K, committed 1152K, reserved 1048576K
}
Event: 241.596 GC heap before
{Heap before GC invocations=3 (full 1):
 PSYoungGen      total 18944K, used 16384K [0x00000000eb300000, 0x00000000ed800000, 0x0000000100000000)
  eden space 16384K, 100% used [0x00000000eb300000,0x00000000ec300000,0x00000000ec300000)
  from space 2560K, 0% used [0x00000000ec300000,0x00000000ec300000,0x00000000ec580000)
  to   space 2560K, 0% used [0x00000000ed580000,0x00000000ed580000,0x00000000ed800000)
 ParOldGen       total 19456K, used 2062K [0x00000000c1800000, 0x00000000c2b00000, 0x00000000eb300000)
  object space 19456K, 10% used [0x00000000c1800000,0x00000000c1a03a18,0x00000000c2b00000)
 Metaspace       used 10245K, capacity 10536K, committed 10624K, reserved 1058816K
  class space    used 1296K, capacity 1382K, committed 1408K, reserved 1048576K
Event: 242.089 GC heap after
Heap after GC invocations=3 (full 1):
 PSYoungGen      total 35328K, used 2182K [0x00000000eb300000, 0x00000000ed800000, 0x0000000100000000)
  eden space 32768K, 0% used [0x00000000eb300000,0x00000000eb300000,0x00000000ed300000)
  from space 2560K, 85% used [0x00000000ed580000,0x00000000ed7a1ae0,0x00000000ed800000)
  to   space 2560K, 0% used [0x00000000ed300000,0x00000000ed300000,0x00000000ed580000)
 ParOldGen       total 19456K, used 2070K [0x00000000c1800000, 0x00000000c2b00000, 0x00000000eb300000)
  object space 19456K, 10% used [0x00000000c1800000,0x00000000c1a05a18,0x00000000c2b00000)
 Metaspace       used 10245K, capacity 10536K, committed 10624K, reserved 1058816K
  class space    used 1296K, capacity 1382K, committed 1408K, reserved 1048576K
}
Event: 357.020 GC heap before
{Heap before GC invocations=4 (full 1):
 PSYoungGen      total 35328K, used 34950K [0x00000000eb300000, 0x00000000ed800000, 0x0000000100000000)
  eden space 32768K, 100% used [0x00000000eb300000,0x00000000ed300000,0x00000000ed300000)
  from space 2560K, 85% used [0x00000000ed580000,0x00000000ed7a1ae0,0x00000000ed800000)
  to   space 2560K, 0% used [0x00000000ed300000,0x00000000ed300000,0x00000000ed580000)
 ParOldGen       total 19456K, used 2070K [0x00000000c1800000, 0x00000000c2b00000, 0x00000000eb300000)
  object space 19456K, 10% used [0x00000000c1800000,0x00000000c1a05a18,0x00000000c2b00000)
 Metaspace       used 14080K, capacity 14602K, committed 14848K, reserved 1069056K
  class space    used 1885K, capacity 2045K, committed 2048K, reserved 1048576K
Event: 361.115 GC heap after
Heap after GC invocations=4 (full 1):
 PSYoungGen      total 35328K, used 2539K [0x00000000eb300000, 0x00000000ed800000, 0x0000000100000000)
  eden space 32768K, 0% used [0x00000000eb300000,0x00000000eb300000,0x00000000ed300000)
  from space 2560K, 99% used [0x00000000ed300000,0x00000000ed57af18,0x00000000ed580000)
  to   space 2560K, 0% used [0x00000000ed580000,0x00000000ed580000,0x00000000ed800000)
 ParOldGen       total 19456K, used 3842K [0x00000000c1800000, 0x00000000c2b00000, 0x00000000eb300000)
  object space 19456K, 19% used [0x00000000c1800000,0x00000000c1bc0a90,0x00000000c2b00000)
 Metaspace       used 14080K, capacity 14602K, committed 14848K, reserved 1069056K
  class space    used 1885K, capacity 2045K, committed 2048K, reserved 1048576K
}

