# JRE version: Java(TM) SE Runtime Environment (8.0_171-b11) (build 1.8.0_171-b11)
# Java VM: Java HotSpot(TM) 64-Bit Server VM (25.171-b11 mixed mode windows-amd64 compressed oops)
Heap:
 PSYoungGen      total 18944K, used 13429K [0x00000000eb300000, 0x00000000ec800000, 0x0000000100000000)
  eden space 16384K, 81% used [0x00000000eb300000,0x00000000ec01d7d8,0x00000000ec300000)
  from space 2560K, 0% used [0x00000000ec580000,0x00000000ec580000,0x00000000ec800000)
  to   space 2560K, 0% used [0x00000000ec300000,0x00000000ec300000,0x00000000ec580000)
 ParOldGen       total 31232K, used 3741K [0x00000000c1800000, 0x00000000c3680000, 0x00000000eb300000)
  object space 31232K, 11% used [0x00000000c1800000,0x00000000c1ba7400,0x00000000c3680000)
 Metaspace       used 15050K, capacity 15586K, committed 15872K, reserved 1062912K
  class space    used 2023K, capacity 2179K, committed 2304K, reserved 1048576K
GC Heap History (10 events):
Event: 219.090 GC heap before
{Heap before GC invocations=1 (full 0):
 PSYoungGen      total 18944K, used 16384K [0x00000000eb300000, 0x00000000ec800000, 0x0000000100000000)
  eden space 16384K, 100% used [0x00000000eb300000,0x00000000ec300000,0x00000000ec300000)
  from space 2560K, 0% used [0x00000000ec580000,0x00000000ec580000,0x00000000ec800000)
  to   space 2560K, 0% used [0x00000000ec300000,0x00000000ec300000,0x00000000ec580000)
 ParOldGen       total 44032K, used 0K [0x00000000c1800000, 0x00000000c4300000, 0x00000000eb300000)
  object space 44032K, 0% used [0x00000000c1800000,0x00000000c1800000,0x00000000c4300000)
 Metaspace       used 9218K, capacity 9452K, committed 9728K, reserved 1058816K
  class space    used 1144K, capacity 1234K, committed 1280K, reserved 1048576K
Event: 219.362 GC heap after
Heap after GC invocations=1 (full 0):
 PSYoungGen      total 18944K, used 2540K [0x00000000eb300000, 0x00000000ec800000, 0x0000000100000000)
  eden space 16384K, 0% used [0x00000000eb300000,0x00000000eb300000,0x00000000ec300000)
  from space 2560K, 99% used [0x00000000ec300000,0x00000000ec57b0d8,0x00000000ec580000)
  to   space 2560K, 0% used [0x00000000ec580000,0x00000000ec580000,0x00000000ec800000)
 ParOldGen       total 44032K, used 661K [0x00000000c1800000, 0x00000000c4300000, 0x00000000eb300000)
  object space 44032K, 1% used [0x00000000c1800000,0x00000000c18a55e8,0x00000000c4300000)
 Metaspace       used 9218K, capacity 9452K, committed 9728K, reserved 1058816K
  class space    used 1144K, capacity 1234K, committed 1280K, reserved 1048576K
}
Event: 284.926 GC heap before
{Heap before GC invocations=2 (full 0):
 PSYoungGen      total 18944K, used 18924K [0x00000000eb300000, 0x00000000ec800000, 0x0000000100000000)
  eden space 16384K, 100% used [0x00000000eb300000,0x00000000ec300000,0x00000000ec300000)
  from space 2560K, 99% used [0x00000000ec300000,0x00000000ec57b0d8,0x00000000ec580000)
  to   space 2560K, 0% used [0x00000000ec580000,0x00000000ec580000,0x00000000ec800000)
 ParOldGen       total 44032K, used 661K [0x00000000c1800000, 0x00000000c4300000, 0x00000000eb300000)
  object space 44032K, 1% used [0x00000000c1800000,0x00000000c18a55e8,0x00000000c4300000)
 Metaspace       used 11350K, capacity 11682K, committed 11776K, reserved 1058816K
  class space    used 1436K, capacity 1527K, committed 1536K, reserved 1048576K
Event: 285.167 GC heap after
Heap after GC invocations=2 (full 0):
 PSYoungGen      total 18944K, used 2537K [0x00000000eb300000, 0x00000000ec800000, 0x0000000100000000)
  eden space 16384K, 0% used [0x00000000eb300000,0x00000000eb300000,0x00000000ec300000)
  from space 2560K, 99% used [0x00000000ec580000,0x00000000ec7fa4a0,0x00000000ec800000)
  to   space 2560K, 0% used [0x00000000ec300000,0x00000000ec300000,0x00000000ec580000)
 ParOldGen       total 44032K, used 2107K [0x00000000c1800000, 0x00000000c4300000, 0x00000000eb300000)
  object space 44032K, 4% used [0x00000000c1800000,0x00000000c1a0ed30,0x00000000c4300000)
 Metaspace       used 11350K, capacity 11682K, committed 11776K, reserved 1058816K
  class space    used 1436K, capacity 1527K, committed 1536K, reserved 1048576K
}
Event: 329.820 GC heap before
{Heap before GC invocations=3 (full 0):
 PSYoungGen      total 18944K, used 18921K [0x00000000eb300000, 0x00000000ec800000, 0x0000000100000000)
  eden space 16384K, 100% used [0x00000000eb300000,0x00000000ec300000,0x00000000ec300000)
  from space 2560K, 99% used [0x00000000ec580000,0x00000000ec7fa4a0,0x00000000ec800000)
  to   space 2560K, 0% used [0x00000000ec300000,0x00000000ec300000,0x00000000ec580000)
 ParOldGen       total 44032K, used 2107K [0x00000000c1800000, 0x00000000c4300000, 0x00000000eb300000)
  object space 44032K, 4% used [0x00000000c1800000,0x00000000c1a0ed30,0x00000000c4300000)
 Metaspace       used 13386K, capacity 13820K, committed 13952K, reserved 1060864K
  class space    used 1742K, capacity 1862K, committed 1920K, reserved 1048576K
Event: 329.934 GC heap after
Heap after GC invocations=3 (full 0):
 PSYoungGen      total 18944K, used 2530K [0x00000000eb300000, 0x00000000ec800000, 0x0000000100000000)
  eden space 16384K, 0% used [0x00000000eb300000,0x00000000eb300000,0x00000000ec300000)
  from space 2560K, 98% used [0x00000000ec300000,0x00000000ec578a98,0x00000000ec580000)
  to   space 2560K, 0% used [0x00000000ec580000,0x00000000ec580000,0x00000000ec800000)
 ParOldGen       total 44032K, used 3829K [0x00000000c1800000, 0x00000000c4300000, 0x00000000eb300000)
  object space 44032K, 8% used [0x00000000c1800000,0x00000000c1bbd660,0x00000000c4300000)
 Metaspace       used 13386K, capacity 13820K, committed 13952K, reserved 1060864K
  class space    used 1742K, capacity 1862K, committed 1920K, reserved 1048576K
}
Event: 343.801 GC heap before
{Heap before GC invocations=4 (full 0):
 PSYoungGen      total 18944K, used 7898K [0x00000000eb300000, 0x00000000ec800000, 0x0000000100000000)
  eden space 16384K, 32% used [0x00000000eb300000,0x00000000eb83dee8,0x00000000ec300000)
  from space 2560K, 98% used [0x00000000ec300000,0x00000000ec578a98,0x00000000ec580000)
  to   space 2560K, 0% used [0x00000000ec580000,0x00000000ec580000,0x00000000ec800000)
 ParOldGen       total 44032K, used 3829K [0x00000000c1800000, 0x00000000c4300000, 0x00000000eb300000)
  object space 44032K, 8% used [0x00000000c1800000,0x00000000c1bbd660,0x00000000c4300000)
 Metaspace       used 13747K, capacity 14164K, committed 14336K, reserved 1064960K
  class space    used 1814K, capacity 1930K, committed 2048K, reserved 1048576K
Event: 347.270 GC heap after
Heap after GC invocations=4 (full 0):
 PSYoungGen      total 18944K, used 2530K [0x00000000eb300000, 0x00000000ec800000, 0x0000000100000000)
  eden space 16384K, 0% used [0x00000000eb300000,0x00000000eb300000,0x00000000ec300000)
  from space 2560K, 98% used [0x00000000ec580000,0x00000000ec7f8a98,0x00000000ec800000)
  to   space 2560K, 0% used [0x00000000ec300000,0x00000000ec300000,0x00000000ec580000)
 ParOldGen       total 44032K, used 4282K [0x00000000c1800000, 0x00000000c4300000, 0x00000000eb300000)
  object space 44032K, 9% used [0x00000000c1800000,0x00000000c1c2e960,0x00000000c4300000)
 Metaspace       used 13747K, capacity 14164K, committed 14336K, reserved 1064960K
  class space    used 1814K, capacity 1930K, committed 2048K, reserved 1048576K
}
Event: 347.270 GC heap before
{Heap before GC invocations=5 (full 1):
 PSYoungGen      total 18944K, used 2530K [0x00000000eb300000, 0x00000000ec800000, 0x0000000100000000)
  eden space 16384K, 0% used [0x00000000eb300000,0x00000000eb300000,0x00000000ec300000)
  from space 2560K, 98% used [0x00000000ec580000,0x00000000ec7f8a98,0x00000000ec800000)
  to   space 2560K, 0% used [0x00000000ec300000,0x00000000ec300000,0x00000000ec580000)
 ParOldGen       total 44032K, used 4282K [0x00000000c1800000, 0x00000000c4300000, 0x00000000eb300000)
  object space 44032K, 9% used [0x00000000c1800000,0x00000000c1c2e960,0x00000000c4300000)
 Metaspace       used 13747K, capacity 14164K, committed 14336K, reserved 1064960K
  class space    used 1814K, capacity 1930K, committed 2048K, reserved 1048576K
Event: 356.829 GC heap after
Heap after GC invocations=5 (full 1):
 PSYoungGen      total 18944K, used 0K [0x00000000eb300000, 0x00000000ec800000, 0x0000000100000000)
  eden space 16384K, 0% used [0x00000000eb300000,0x00000000eb300000,0x00000000ec300000)
  from space 2560K, 0% used [0x00000000ec580000,0x00000000ec580000,0x00000000ec800000)
  to   space 2560K, 0% used [0x00000000ec300000,0x00000000ec300000,0x00000000ec580000)
 ParOldGen       total 31232K, used 3741K [0x00000000c1800000, 0x00000000c3680000, 0x00000000eb300000)
  object space 31232K, 11% used [0x00000000c1800000,0x00000000c1ba7400,0x00000000c3680000)
 Metaspace       used 13747K, capacity 14164K, committed 14336K, reserved 1062912K
  class space    used 1814K, capacity 1930K, committed 2048K, reserved 1048576K
}

