Heap:
 PSYoungGen      total 27136K, used 9064K [0x00000000eb300000, 0x00000000ed580000, 0x0000000100000000)
  eden space 24576K, 26% used [0x00000000eb300000,0x00000000eb95dd50,0x00000000ecb00000)
  from space 2560K, 99% used [0x00000000ecd80000,0x00000000ecffc528,0x00000000ed000000)
  to   space 2560K, 0% used [0x00000000ecb00000,0x00000000ecb00000,0x00000000ecd80000)
 ParOldGen       total 18944K, used 2370K [0x00000000c1800000, 0x00000000c2a80000, 0x00000000eb300000)
  object space 18944K, 12% used [0x00000000c1800000,0x00000000c1a50ab8,0x00000000c2a80000)
 Metaspace       used 13868K, capacity 14184K, committed 14336K, reserved 1062912K
  class space    used 1853K, capacity 1974K, committed 2048K, reserved 1048576K
GC Heap History (10 events):
Event: 196.456 GC heap before
{Heap before GC invocations=1 (full 0):
 PSYoungGen      total 18944K, used 9097K [0x00000000eb300000, 0x00000000ec800000, 0x0000000100000000)
  eden space 16384K, 55% used [0x00000000eb300000,0x00000000ebbe26c8,0x00000000ec300000)
  from space 2560K, 0% used [0x00000000ec580000,0x00000000ec580000,0x00000000ec800000)
  to   space 2560K, 0% used [0x00000000ec300000,0x00000000ec300000,0x00000000ec580000)
 ParOldGen       total 44032K, used 0K [0x00000000c1800000, 0x00000000c4300000, 0x00000000eb300000)
  object space 44032K, 0% used [0x00000000c1800000,0x00000000c1800000,0x00000000c4300000)
 Metaspace       used 8013K, capacity 8180K, committed 8320K, reserved 1060864K
  class space    used 997K, capacity 1064K, committed 1152K, reserved 1048576K
Event: 197.103 GC heap after
Heap after GC invocations=1 (full 0):
 PSYoungGen      total 18944K, used 2151K [0x00000000eb300000, 0x00000000ec800000, 0x0000000100000000)
  eden space 16384K, 0% used [0x00000000eb300000,0x00000000eb300000,0x00000000ec300000)
  from space 2560K, 84% used [0x00000000ec300000,0x00000000ec519fc0,0x00000000ec580000)
  to   space 2560K, 0% used [0x00000000ec580000,0x00000000ec580000,0x00000000ec800000)
 ParOldGen       total 44032K, used 8K [0x00000000c1800000, 0x00000000c4300000, 0x00000000eb300000)
  object space 44032K, 0% used [0x00000000c1800000,0x00000000c1802000,0x00000000c4300000)
 Metaspace       used 8013K, capacity 8180K, committed 8320K, reserved 1060864K
  class space    used 997K, capacity 1064K, committed 1152K, reserved 1048576K
}
Event: 197.104 GC heap before
{Heap before GC invocations=2 (full 1):
 PSYoungGen      total 18944K, used 2151K [0x00000000eb300000, 0x00000000ec800000, 0x0000000100000000)
  eden space 16384K, 0% used [0x00000000eb300000,0x00000000eb300000,0x00000000ec300000)
  from space 2560K, 84% used [0x00000000ec300000,0x00000000ec519fc0,0x00000000ec580000)
  to   space 2560K, 0% used [0x00000000ec580000,0x00000000ec580000,0x00000000ec800000)
 ParOldGen       total 44032K, used 8K [0x00000000c1800000, 0x00000000c4300000, 0x00000000eb300000)
  object space 44032K, 0% used [0x00000000c1800000,0x00000000c1802000,0x00000000c4300000)
 Metaspace       used 8013K, capacity 8180K, committed 8320K, reserved 1060864K
  class space    used 997K, capacity 1064K, committed 1152K, reserved 1048576K
Event: 198.389 GC heap after
Heap after GC invocations=2 (full 1):
 PSYoungGen      total 18944K, used 0K [0x00000000eb300000, 0x00000000ec800000, 0x0000000100000000)
  eden space 16384K, 0% used [0x00000000eb300000,0x00000000eb300000,0x00000000ec300000)
  from space 2560K, 0% used [0x00000000ec300000,0x00000000ec300000,0x00000000ec580000)
  to   space 2560K, 0% used [0x00000000ec580000,0x00000000ec580000,0x00000000ec800000)
 ParOldGen       total 18944K, used 2061K [0x00000000c1800000, 0x00000000c2a80000, 0x00000000eb300000)
  object space 18944K, 10% used [0x00000000c1800000,0x00000000c1a03550,0x00000000c2a80000)
 Metaspace       used 8013K, capacity 8180K, committed 8320K, reserved 1058816K
  class space    used 997K, capacity 1064K, committed 1152K, reserved 1048576K
}
Event: 251.796 GC heap before
{Heap before GC invocations=3 (full 1):
 PSYoungGen      total 18944K, used 16384K [0x00000000eb300000, 0x00000000ec800000, 0x0000000100000000)
  eden space 16384K, 100% used [0x00000000eb300000,0x00000000ec300000,0x00000000ec300000)
  from space 2560K, 0% used [0x00000000ec300000,0x00000000ec300000,0x00000000ec580000)
  to   space 2560K, 0% used [0x00000000ec580000,0x00000000ec580000,0x00000000ec800000)
 ParOldGen       total 18944K, used 2061K [0x00000000c1800000, 0x00000000c2a80000, 0x00000000eb300000)
  object space 18944K, 10% used [0x00000000c1800000,0x00000000c1a03550,0x00000000c2a80000)
 Metaspace       used 10249K, capacity 10536K, committed 10624K, reserved 1058816K
  class space    used 1296K, capacity 1382K, committed 1408K, reserved 1048576K
Event: 252.592 GC heap after
Heap after GC invocations=3 (full 1):
 PSYoungGen      total 18944K, used 2165K [0x00000000eb300000, 0x00000000ed180000, 0x0000000100000000)
  eden space 16384K, 0% used [0x00000000eb300000,0x00000000eb300000,0x00000000ec300000)
  from space 2560K, 84% used [0x00000000ec580000,0x00000000ec79d608,0x00000000ec800000)
  to   space 2560K, 0% used [0x00000000ec300000,0x00000000ec300000,0x00000000ec580000)
 ParOldGen       total 18944K, used 2069K [0x00000000c1800000, 0x00000000c2a80000, 0x00000000eb300000)
  object space 18944K, 10% used [0x00000000c1800000,0x00000000c1a05550,0x00000000c2a80000)
 Metaspace       used 10249K, capacity 10536K, committed 10624K, reserved 1058816K
  class space    used 1296K, capacity 1382K, committed 1408K, reserved 1048576K
}
Event: 330.835 GC heap before
{Heap before GC invocations=4 (full 1):
 PSYoungGen      total 18944K, used 18549K [0x00000000eb300000, 0x00000000ed180000, 0x0000000100000000)
  eden space 16384K, 100% used [0x00000000eb300000,0x00000000ec300000,0x00000000ec300000)
  from space 2560K, 84% used [0x00000000ec580000,0x00000000ec79d608,0x00000000ec800000)
  to   space 2560K, 0% used [0x00000000ec300000,0x00000000ec300000,0x00000000ec580000)
 ParOldGen       total 18944K, used 2069K [0x00000000c1800000, 0x00000000c2a80000, 0x00000000eb300000)
  object space 18944K, 10% used [0x00000000c1800000,0x00000000c1a05550,0x00000000c2a80000)
 Metaspace       used 12556K, capacity 12882K, committed 13056K, reserved 1060864K
  class space    used 1594K, capacity 1693K, committed 1792K, reserved 1048576K
Event: 330.856 GC heap after
Heap after GC invocations=4 (full 1):
 PSYoungGen      total 18944K, used 2555K [0x00000000eb300000, 0x00000000ed000000, 0x0000000100000000)
  eden space 16384K, 0% used [0x00000000eb300000,0x00000000eb300000,0x00000000ec300000)
  from space 2560K, 99% used [0x00000000ec300000,0x00000000ec57ed00,0x00000000ec580000)
  to   space 2560K, 0% used [0x00000000ecd80000,0x00000000ecd80000,0x00000000ed000000)
 ParOldGen       total 18944K, used 2229K [0x00000000c1800000, 0x00000000c2a80000, 0x00000000eb300000)
  object space 18944K, 11% used [0x00000000c1800000,0x00000000c1a2d770,0x00000000c2a80000)
 Metaspace       used 12556K, capacity 12882K, committed 13056K, reserved 1060864K
  class space    used 1594K, capacity 1693K, committed 1792K, reserved 1048576K
}
Event: 333.769 GC heap before
{Heap before GC invocations=5 (full 1):
 PSYoungGen      total 18944K, used 18939K [0x00000000eb300000, 0x00000000ed000000, 0x0000000100000000)
  eden space 16384K, 100% used [0x00000000eb300000,0x00000000ec300000,0x00000000ec300000)
  from space 2560K, 99% used [0x00000000ec300000,0x00000000ec57ed00,0x00000000ec580000)
  to   space 2560K, 0% used [0x00000000ecd80000,0x00000000ecd80000,0x00000000ed000000)
 ParOldGen       total 18944K, used 2229K [0x00000000c1800000, 0x00000000c2a80000, 0x00000000eb300000)
  object space 18944K, 11% used [0x00000000c1800000,0x00000000c1a2d770,0x00000000c2a80000)
 Metaspace       used 13402K, capacity 13692K, committed 13952K, reserved 1062912K
  class space    used 1790K, capacity 1898K, committed 1920K, reserved 1048576K
Event: 334.168 GC heap after
Heap after GC invocations=5 (full 1):
 PSYoungGen      total 27136K, used 2545K [0x00000000eb300000, 0x00000000ed580000, 0x0000000100000000)
  eden space 24576K, 0% used [0x00000000eb300000,0x00000000eb300000,0x00000000ecb00000)
  from space 2560K, 99% used [0x00000000ecd80000,0x00000000ecffc528,0x00000000ed000000)
  to   space 2560K, 0% used [0x00000000ecb00000,0x00000000ecb00000,0x00000000ecd80000)
 ParOldGen       total 18944K, used 2370K [0x00000000c1800000, 0x00000000c2a80000, 0x00000000eb300000)
  object space 18944K, 12% used [0x00000000c1800000,0x00000000c1a50ab8,0x00000000c2a80000)
 Metaspace       used 13402K, capacity 13692K, committed 13952K, reserved 1062912K
  class space    used 1790K, capacity 1898K, committed 1920K, reserved 1048576K
}

